universal.obj : warning LNK4204: 'C:\Users\student\Documents\Visual Studio 2015\Projects\後期制作演習\00_proto\Debug\vc140.pdb' に参照するモジュールのデバッグ情報がありません。デバッグ情報を無視してオブジェクトをリンクします。
tutorial.obj : warning LNK4204: 'C:\Users\student\Documents\Visual Studio 2015\Projects\後期制作演習\00_proto\Debug\vc140.pdb' に参照するモジュールのデバッグ情報がありません。デバッグ情報を無視してオブジェクトをリンクします。
timer.obj : warning LNK4204: 'C:\Users\student\Documents\Visual Studio 2015\Projects\後期制作演習\00_proto\Debug\vc140.pdb' に参照するモジュールのデバッグ情報がありません。デバッグ情報を無視してオブジェクトをリンクします。
texture.obj : warning LNK4204: 'C:\Users\student\Documents\Visual Studio 2015\Projects\後期制作演習\00_proto\Debug\vc140.pdb' に参照するモジュールのデバッグ情報がありません。デバッグ情報を無視してオブジェクトをリンクします。
sound.obj : warning LNK4204: 'C:\Users\student\Documents\Visual Studio 2015\Projects\後期制作演習\00_proto\Debug\vc140.pdb' に参照するモジュールのデバッグ情報がありません。デバッグ情報を無視してオブジェクトをリンクします。
skybox.obj : warning LNK4204: 'C:\Users\student\Documents\Visual Studio 2015\Projects\後期制作演習\00_proto\Debug\vc140.pdb' に参照するモジュールのデバッグ情報がありません。デバッグ情報を無視してオブジェクトをリンクします。
score.obj : warning LNK4204: 'C:\Users\student\Documents\Visual Studio 2015\Projects\後期制作演習\00_proto\Debug\vc140.pdb' に参照するモジュールのデバッグ情報がありません。デバッグ情報を無視してオブジェクトをリンクします。
scene.obj : warning LNK4204: 'C:\Users\student\Documents\Visual Studio 2015\Projects\後期制作演習\00_proto\Debug\vc140.pdb' に参照するモジュールのデバッグ情報がありません。デバッグ情報を無視してオブジェクトをリンクします。
renderer.obj : warning LNK4204: 'C:\Users\student\Documents\Visual Studio 2015\Projects\後期制作演習\00_proto\Debug\vc140.pdb' に参照するモジュールのデバッグ情報がありません。デバッグ情報を無視してオブジェクトをリンクします。
ranking.obj : warning LNK4204: 'C:\Users\student\Documents\Visual Studio 2015\Projects\後期制作演習\00_proto\Debug\vc140.pdb' に参照するモジュールのデバッグ情報がありません。デバッグ情報を無視してオブジェクトをリンクします。
particle.obj : warning LNK4204: 'C:\Users\student\Documents\Visual Studio 2015\Projects\後期制作演習\00_proto\Debug\vc140.pdb' に参照するモジュールのデバッグ情報がありません。デバッグ情報を無視してオブジェクトをリンクします。
orbit.obj : warning LNK4204: 'C:\Users\student\Documents\Visual Studio 2015\Projects\後期制作演習\00_proto\Debug\vc140.pdb' に参照するモジュールのデバッグ情報がありません。デバッグ情報を無視してオブジェクトをリンクします。
objectX.obj : warning LNK4204: 'C:\Users\student\Documents\Visual Studio 2015\Projects\後期制作演習\00_proto\Debug\vc140.pdb' に参照するモジュールのデバッグ情報がありません。デバッグ情報を無視してオブジェクトをリンクします。
objectmanager.obj : warning LNK4204: 'C:\Users\student\Documents\Visual Studio 2015\Projects\後期制作演習\00_proto\Debug\vc140.pdb' に参照するモジュールのデバッグ情報がありません。デバッグ情報を無視してオブジェクトをリンクします。
object3D.obj : warning LNK4204: 'C:\Users\student\Documents\Visual Studio 2015\Projects\後期制作演習\00_proto\Debug\vc140.pdb' に参照するモジュールのデバッグ情報がありません。デバッグ情報を無視してオブジェクトをリンクします。
object2D.obj : warning LNK4204: 'C:\Users\student\Documents\Visual Studio 2015\Projects\後期制作演習\00_proto\Debug\vc140.pdb' に参照するモジュールのデバッグ情報がありません。デバッグ情報を無視してオブジェクトをリンクします。
object.obj : warning LNK4204: 'C:\Users\student\Documents\Visual Studio 2015\Projects\後期制作演習\00_proto\Debug\vc140.pdb' に参照するモジュールのデバッグ情報がありません。デバッグ情報を無視してオブジェクトをリンクします。
number.obj : warning LNK4204: 'C:\Users\student\Documents\Visual Studio 2015\Projects\後期制作演習\00_proto\Debug\vc140.pdb' に参照するモジュールのデバッグ情報がありません。デバッグ情報を無視してオブジェクトをリンクします。
model.obj : warning LNK4204: 'C:\Users\student\Documents\Visual Studio 2015\Projects\後期制作演習\00_proto\Debug\vc140.pdb' に参照するモジュールのデバッグ情報がありません。デバッグ情報を無視してオブジェクトをリンクします。
manager.obj : warning LNK4204: 'C:\Users\student\Documents\Visual Studio 2015\Projects\後期制作演習\00_proto\Debug\vc140.pdb' に参照するモジュールのデバッグ情報がありません。デバッグ情報を無視してオブジェクトをリンクします。
main.obj : warning LNK4204: 'C:\Users\student\Documents\Visual Studio 2015\Projects\後期制作演習\00_proto\Debug\vc140.pdb' に参照するモジュールのデバッグ情報がありません。デバッグ情報を無視してオブジェクトをリンクします。
light.obj : warning LNK4204: 'C:\Users\student\Documents\Visual Studio 2015\Projects\後期制作演習\00_proto\Debug\vc140.pdb' に参照するモジュールのデバッグ情報がありません。デバッグ情報を無視してオブジェクトをリンクします。
inputmouse.obj : warning LNK4204: 'C:\Users\student\Documents\Visual Studio 2015\Projects\後期制作演習\00_proto\Debug\vc140.pdb' に参照するモジュールのデバッグ情報がありません。デバッグ情報を無視してオブジェクトをリンクします。
inputkeyboard.obj : warning LNK4204: 'C:\Users\student\Documents\Visual Studio 2015\Projects\後期制作演習\00_proto\Debug\vc140.pdb' に参照するモジュールのデバッグ情報がありません。デバッグ情報を無視してオブジェクトをリンクします。
inputjoypad.obj : warning LNK4204: 'C:\Users\student\Documents\Visual Studio 2015\Projects\後期制作演習\00_proto\Debug\vc140.pdb' に参照するモジュールのデバッグ情報がありません。デバッグ情報を無視してオブジェクトをリンクします。
input.obj : warning LNK4204: 'C:\Users\student\Documents\Visual Studio 2015\Projects\後期制作演習\00_proto\Debug\vc140.pdb' に参照するモジュールのデバッグ情報がありません。デバッグ情報を無視してオブジェクトをリンクします。
field.obj : warning LNK4204: 'C:\Users\student\Documents\Visual Studio 2015\Projects\後期制作演習\00_proto\Debug\vc140.pdb' に参照するモジュールのデバッグ情報がありません。デバッグ情報を無視してオブジェクトをリンクします。
fade.obj : warning LNK4204: 'C:\Users\student\Documents\Visual Studio 2015\Projects\後期制作演習\00_proto\Debug\vc140.pdb' に参照するモジュールのデバッグ情報がありません。デバッグ情報を無視してオブジェクトをリンクします。
anim3D.obj : warning LNK4204: 'C:\Users\student\Documents\Visual Studio 2015\Projects\後期制作演習\00_proto\Debug\vc140.pdb' に参照するモジュールのデバッグ情報がありません。デバッグ情報を無視してオブジェクトをリンクします。
effect3D.obj : warning LNK4204: 'C:\Users\student\Documents\Visual Studio 2015\Projects\後期制作演習\00_proto\Debug\vc140.pdb' に参照するモジュールのデバッグ情報がありません。デバッグ情報を無視してオブジェクトをリンクします。
effect2D.obj : warning LNK4204: 'C:\Users\student\Documents\Visual Studio 2015\Projects\後期制作演習\00_proto\Debug\vc140.pdb' に参照するモジュールのデバッグ情報がありません。デバッグ情報を無視してオブジェクトをリンクします。
debugproc.obj : warning LNK4204: 'C:\Users\student\Documents\Visual Studio 2015\Projects\後期制作演習\00_proto\Debug\vc140.pdb' に参照するモジュールのデバッグ情報がありません。デバッグ情報を無視してオブジェクトをリンクします。
collision.obj : warning LNK4204: 'C:\Users\student\Documents\Visual Studio 2015\Projects\後期制作演習\00_proto\Debug\vc140.pdb' に参照するモジュールのデバッグ情報がありません。デバッグ情報を無視してオブジェクトをリンクします。
block.obj : warning LNK4204: 'C:\Users\student\Documents\Visual Studio 2015\Projects\後期制作演習\00_proto\Debug\vc140.pdb' に参照するモジュールのデバッグ情報がありません。デバッグ情報を無視してオブジェクトをリンクします。
billboard.obj : warning LNK4204: 'C:\Users\student\Documents\Visual Studio 2015\Projects\後期制作演習\00_proto\Debug\vc140.pdb' に参照するモジュールのデバッグ情報がありません。デバッグ情報を無視してオブジェクトをリンクします。
bg.obj : warning LNK4204: 'C:\Users\student\Documents\Visual Studio 2015\Projects\後期制作演習\00_proto\Debug\vc140.pdb' に参照するモジュールのデバッグ情報がありません。デバッグ情報を無視してオブジェクトをリンクします。
animation2D.obj : warning LNK4204: 'C:\Users\student\Documents\Visual Studio 2015\Projects\後期制作演習\00_proto\Debug\vc140.pdb' に参照するモジュールのデバッグ情報がありません。デバッグ情報を無視してオブジェクトをリンクします。
afterimage.obj : warning LNK4204: 'C:\Users\student\Documents\Visual Studio 2015\Projects\後期制作演習\00_proto\Debug\vc140.pdb' に参照するモジュールのデバッグ情報がありません。デバッグ情報を無視してオブジェクトをリンクします。
  00_proto.vcxproj -> C:\Users\student\Documents\Visual Studio 2015\Projects\後期制作演習\00_proto\Debug\00_proto.exe
  00_proto.vcxproj -> C:\Users\student\Documents\Visual Studio 2015\Projects\後期制作演習\00_proto\Debug\00_proto.pdb (Full PDB)
