c:\users\student\documents\visual studio 2015\projects\後期制作演習\actionscroll\debug\vc140.pdb
c:\users\student\documents\visual studio 2015\projects\後期制作演習\actionscroll\debug\vc140.idb
c:\users\student\documents\visual studio 2015\projects\後期制作演習\actionscroll\debug\object.obj
c:\users\student\documents\visual studio 2015\projects\後期制作演習\actionscroll\debug\object2d.obj
c:\users\student\documents\visual studio 2015\projects\後期制作演習\actionscroll\debug\object3d.obj
c:\users\student\documents\visual studio 2015\projects\後期制作演習\actionscroll\debug\objectmanager.obj
c:\users\student\documents\visual studio 2015\projects\後期制作演習\actionscroll\debug\objectx.obj
c:\users\student\documents\visual studio 2015\projects\後期制作演習\actionscroll\debug\orbit.obj
c:\users\student\documents\visual studio 2015\projects\後期制作演習\actionscroll\debug\particle.obj
c:\users\student\documents\visual studio 2015\projects\後期制作演習\actionscroll\debug\parts.obj
c:\users\student\documents\visual studio 2015\projects\後期制作演習\actionscroll\debug\player.obj
c:\users\student\documents\visual studio 2015\projects\後期制作演習\actionscroll\debug\ranking.obj
c:\users\student\documents\visual studio 2015\projects\後期制作演習\actionscroll\debug\renderer.obj
c:\users\student\documents\visual studio 2015\projects\後期制作演習\actionscroll\debug\scene.obj
c:\users\student\documents\visual studio 2015\projects\後期制作演習\actionscroll\debug\score.obj
c:\users\student\documents\visual studio 2015\projects\後期制作演習\actionscroll\debug\skybox.obj
c:\users\student\documents\visual studio 2015\projects\後期制作演習\actionscroll\debug\sound.obj
c:\users\student\documents\visual studio 2015\projects\後期制作演習\actionscroll\debug\texture.obj
c:\users\student\documents\visual studio 2015\projects\後期制作演習\actionscroll\debug\timer.obj
c:\users\student\documents\visual studio 2015\projects\後期制作演習\actionscroll\debug\title.obj
c:\users\student\documents\visual studio 2015\projects\後期制作演習\actionscroll\debug\tutorial.obj
c:\users\student\documents\visual studio 2015\projects\後期制作演習\actionscroll\debug\universal.obj
c:\users\student\documents\visual studio 2015\projects\後期制作演習\actionscroll\debug\enemyboss.obj
c:\users\student\documents\visual studio 2015\projects\後期制作演習\actionscroll\debug\enemydrone.obj
c:\users\student\documents\visual studio 2015\projects\後期制作演習\actionscroll\debug\enemymanager.obj
c:\users\student\documents\visual studio 2015\projects\後期制作演習\actionscroll\debug\enemynormal.obj
c:\users\student\documents\visual studio 2015\projects\後期制作演習\actionscroll\debug\enemyshot.obj
c:\users\student\documents\visual studio 2015\projects\後期制作演習\actionscroll\debug\fade.obj
c:\users\student\documents\visual studio 2015\projects\後期制作演習\actionscroll\debug\field.obj
c:\users\student\documents\visual studio 2015\projects\後期制作演習\actionscroll\debug\game.obj
c:\users\student\documents\visual studio 2015\projects\後期制作演習\actionscroll\debug\input.obj
c:\users\student\documents\visual studio 2015\projects\後期制作演習\actionscroll\debug\inputjoypad.obj
c:\users\student\documents\visual studio 2015\projects\後期制作演習\actionscroll\debug\inputkeyboard.obj
c:\users\student\documents\visual studio 2015\projects\後期制作演習\actionscroll\debug\inputmanager.obj
c:\users\student\documents\visual studio 2015\projects\後期制作演習\actionscroll\debug\inputmouse.obj
c:\users\student\documents\visual studio 2015\projects\後期制作演習\actionscroll\debug\light.obj
c:\users\student\documents\visual studio 2015\projects\後期制作演習\actionscroll\debug\main.obj
c:\users\student\documents\visual studio 2015\projects\後期制作演習\actionscroll\debug\manager.obj
c:\users\student\documents\visual studio 2015\projects\後期制作演習\actionscroll\debug\missile.obj
c:\users\student\documents\visual studio 2015\projects\後期制作演習\actionscroll\debug\model.obj
c:\users\student\documents\visual studio 2015\projects\後期制作演習\actionscroll\debug\motion.obj
c:\users\student\documents\visual studio 2015\projects\後期制作演習\actionscroll\debug\number.obj
c:\users\student\documents\visual studio 2015\projects\後期制作演習\actionscroll\debug\afterimage.obj
c:\users\student\documents\visual studio 2015\projects\後期制作演習\actionscroll\debug\anim3d.obj
c:\users\student\documents\visual studio 2015\projects\後期制作演習\actionscroll\debug\animation2d.obj
c:\users\student\documents\visual studio 2015\projects\後期制作演習\actionscroll\debug\animeffect3d.obj
c:\users\student\documents\visual studio 2015\projects\後期制作演習\actionscroll\debug\bg.obj
c:\users\student\documents\visual studio 2015\projects\後期制作演習\actionscroll\debug\billboard.obj
c:\users\student\documents\visual studio 2015\projects\後期制作演習\actionscroll\debug\block.obj
c:\users\student\documents\visual studio 2015\projects\後期制作演習\actionscroll\debug\bullet.obj
c:\users\student\documents\visual studio 2015\projects\後期制作演習\actionscroll\debug\camera.obj
c:\users\student\documents\visual studio 2015\projects\後期制作演習\actionscroll\debug\collision.obj
c:\users\student\documents\visual studio 2015\projects\後期制作演習\actionscroll\debug\debugproc.obj
c:\users\student\documents\visual studio 2015\projects\後期制作演習\actionscroll\debug\edit.obj
c:\users\student\documents\visual studio 2015\projects\後期制作演習\actionscroll\debug\effect2d.obj
c:\users\student\documents\visual studio 2015\projects\後期制作演習\actionscroll\debug\effect3d.obj
c:\users\student\documents\visual studio 2015\projects\後期制作演習\actionscroll\debug\enemy.obj
c:\users\student\documents\visual studio 2015\projects\後期制作演習\actionscroll\debug\uimanager.obj
c:\users\student\documents\visual studio 2015\projects\後期制作演習\actionscroll\debug\enemyturret.obj
c:\users\student\documents\visual studio 2015\projects\後期制作演習\actionscroll\debug\ui.obj
c:\users\student\documents\visual studio 2015\projects\後期制作演習\actionscroll\debug\life.obj
c:\users\student\documents\visual studio 2015\projects\後期制作演習\actionscroll\debug\frame.obj
c:\users\student\documents\visual studio 2015\projects\後期制作演習\actionscroll\debug\tutorialmanager.obj
c:\users\student\documents\visual studio 2015\projects\後期制作演習\actionscroll\debug\shadow.obj
c:\users\student\documents\visual studio 2015\projects\後期制作演習\actionscroll\actionscroll.ilk
c:\users\student\documents\visual studio 2015\projects\後期制作演習\actionscroll\actionscroll.exe
c:\users\student\documents\visual studio 2015\projects\後期制作演習\actionscroll\actionscroll.pdb
c:\users\student\documents\visual studio 2015\projects\後期制作演習\actionscroll\debug\texture.obj.enc
c:\users\student\documents\visual studio 2015\projects\後期制作演習\actionscroll\debug\actionscroll.tlog\cl.command.1.tlog
c:\users\student\documents\visual studio 2015\projects\後期制作演習\actionscroll\debug\actionscroll.tlog\cl.read.1.tlog
c:\users\student\documents\visual studio 2015\projects\後期制作演習\actionscroll\debug\actionscroll.tlog\cl.write.1.tlog
c:\users\student\documents\visual studio 2015\projects\後期制作演習\actionscroll\debug\actionscroll.tlog\link.command.1.tlog
c:\users\student\documents\visual studio 2015\projects\後期制作演習\actionscroll\debug\actionscroll.tlog\link.read.1.tlog
c:\users\student\documents\visual studio 2015\projects\後期制作演習\actionscroll\debug\actionscroll.tlog\link.write.1.tlog
