  animEffect3D.cpp
  billboard.cpp
  bullet.cpp
  camera.cpp
  edit.cpp
  effect3D.cpp
  enemy.cpp
  enemyboss.cpp
  enemydrone.cpp
  enemyManager.cpp
  enemyshot.cpp
  anim3D.cpp
  field.cpp
  game.cpp
  manager.cpp
  model.cpp
  motion.cpp
  number.cpp
  object2D.cpp
  object3D.cpp
  コンパイル中...
  objectX.cpp
  orbit.cpp
  parts.cpp
  player.cpp
  ranking.cpp
  scene.cpp
  score.cpp
  texture.cpp
  timer.cpp
  title.cpp
  tutorial.cpp
  コード生成しています。
  128 of 675 functions (19.0%) were compiled, the rest were copied from previous compilation.
    34 functions were new in current compilation
    87 functions had inline decision re-evaluated but remain unchanged
  コード生成が終了しました。
  00_proto.vcxproj -> C:\Users\student\Documents\Visual Studio 2015\Projects\後期制作演習\00_proto\00_proto.exe
  00_proto.vcxproj -> C:\Users\student\Documents\Visual Studio 2015\Projects\後期制作演習\00_proto\00_proto.pdb (Full PDB)
