  bullet.cpp
  camera.cpp
  edit.cpp
  enemy.cpp
  enemyManager.cpp
  enemyNormal.cpp
  enemyTurret.cpp
  enemyboss.cpp
  enemydrone.cpp
  enemyshot.cpp
  game.cpp
  life.cpp
  missile.cpp
  motion.cpp
  parts.cpp
  player.cpp
  title.cpp
  コード生成しています。
  102 of 853 functions (12.0%) were compiled, the rest were copied from previous compilation.
    6 functions were new in current compilation
    94 functions had inline decision re-evaluated but remain unchanged
  コード生成が終了しました。
  ActionScroll.vcxproj -> C:\Users\student\Documents\Visual Studio 2015\Projects\後期制作演習\ActionScroll\ActionScroll.exe
  ActionScroll.vcxproj -> C:\Users\student\Documents\Visual Studio 2015\Projects\後期制作演習\ActionScroll\ActionScroll.pdb (Full PDB)
